Using pre-set license
Built from '2021.3/staging' branch; Version is '2021.3.23f1 (213b516bf396) revision 2177873'; Using compiler version '192829333'; Build Type 'Release'
OS: 'Windows 11  (10.0.22621) 64bit CoreSingleLanguage' Language: 'en' Physical Memory: 16167 MB
BatchMode: 1, IsHumanControllingUs: 0, StartBugReporterOnCrash: 0, Is64bit: 1, IsPro: 1

COMMAND LINE ARGUMENTS:
C:\Program Files\Unity\Hub\Editor\2021.3.23f1\Editor\Unity.exe
-adb2
-batchMode
-noUpm
-name
AssetImportWorker0
-projectPath
C:/subDesktop/Unipampa/Projects/VictusVR/VICTUSVR
-logFile
Logs/AssetImportWorker0.log
-srvPort
53015
Successfully changed project path to: C:/subDesktop/Unipampa/Projects/VictusVR/VICTUSVR
C:/subDesktop/Unipampa/Projects/VictusVR/VICTUSVR
[UnityMemory] Configuration Parameters - Can be set up in boot.config
    "memorysetup-bucket-allocator-granularity=16"
    "memorysetup-bucket-allocator-bucket-count=8"
    "memorysetup-bucket-allocator-block-size=33554432"
    "memorysetup-bucket-allocator-block-count=8"
    "memorysetup-main-allocator-block-size=16777216"
    "memorysetup-thread-allocator-block-size=16777216"
    "memorysetup-gfx-main-allocator-block-size=16777216"
    "memorysetup-gfx-thread-allocator-block-size=16777216"
    "memorysetup-cache-allocator-block-size=4194304"
    "memorysetup-typetree-allocator-block-size=2097152"
    "memorysetup-profiler-bucket-allocator-granularity=16"
    "memorysetup-profiler-bucket-allocator-bucket-count=8"
    "memorysetup-profiler-bucket-allocator-block-size=33554432"
    "memorysetup-profiler-bucket-allocator-block-count=8"
    "memorysetup-profiler-allocator-block-size=16777216"
    "memorysetup-profiler-editor-allocator-block-size=1048576"
    "memorysetup-temp-allocator-size-main=16777216"
    "memorysetup-job-temp-allocator-block-size=2097152"
    "memorysetup-job-temp-allocator-block-size-background=1048576"
    "memorysetup-job-temp-allocator-reduction-small-platforms=262144"
    "memorysetup-temp-allocator-size-background-worker=32768"
    "memorysetup-temp-allocator-size-job-worker=262144"
    "memorysetup-temp-allocator-size-preload-manager=33554432"
    "memorysetup-temp-allocator-size-nav-mesh-worker=65536"
    "memorysetup-temp-allocator-size-audio-worker=65536"
    "memorysetup-temp-allocator-size-cloud-worker=32768"
    "memorysetup-temp-allocator-size-gi-baking-worker=262144"
    "memorysetup-temp-allocator-size-gfx=262144"
Player connection [3708] Host "[IP] 192.168.15.8 [Port] 0 [Flags] 2 [Guid] 400572048 [EditorId] 400572048 [Version] 1048832 [Id] WindowsEditor(7,rafael) [Debug] 1 [PackageName] WindowsEditor [ProjectName] Editor" joined multi-casting on [225.0.0.222:54997]...

Player connection [3708] Host "[IP] 192.168.15.8 [Port] 0 [Flags] 2 [Guid] 400572048 [EditorId] 400572048 [Version] 1048832 [Id] WindowsEditor(7,rafael) [Debug] 1 [PackageName] WindowsEditor [ProjectName] Editor" joined alternative multi-casting on [225.0.0.222:34997]...

Refreshing native plugins compatible for Editor in 108.74 ms, found 3 plugins.
Preloading 0 native plugins for Editor in 0.00 ms.
Initialize engine version: 2021.3.23f1 (213b516bf396)
[Subsystems] Discovering subsystems at path C:/Program Files/Unity/Hub/Editor/2021.3.23f1/Editor/Data/Resources/UnitySubsystems
[Subsystems] Discovering subsystems at path C:/subDesktop/Unipampa/Projects/VictusVR/VICTUSVR/Assets
GfxDevice: creating device client; threaded=0; jobified=0
Direct3D:
    Version:  Direct3D 11.0 [level 11.1]
    Renderer: NVIDIA GeForce GTX 1650 (ID=0x1f9d)
    Vendor:   NVIDIA
    VRAM:     3953 MB
    Driver:   31.0.15.4633
Initialize mono
Mono path[0] = 'C:/Program Files/Unity/Hub/Editor/2021.3.23f1/Editor/Data/Managed'
Mono path[1] = 'C:/Program Files/Unity/Hub/Editor/2021.3.23f1/Editor/Data/MonoBleedingEdge/lib/mono/unityjit-win32'
Mono config path = 'C:/Program Files/Unity/Hub/Editor/2021.3.23f1/Editor/Data/MonoBleedingEdge/etc'
Using monoOptions --debugger-agent=transport=dt_socket,embedding=1,server=y,suspend=n,address=127.0.0.1:56244
Begin MonoManager ReloadAssembly
Registering precompiled unity dll's ...
Register platform support module: C:/Program Files/Unity/Hub/Editor/2021.3.23f1/Editor/Data/PlaybackEngines/WindowsStandaloneSupport/UnityEditor.WindowsStandalone.Extensions.dll
Registered in 0.004996 seconds.
Native extension for WindowsStandalone target not found
Refreshing native plugins compatible for Editor in 89.15 ms, found 3 plugins.
Preloading 0 native plugins for Editor in 0.00 ms.
Mono: successfully reloaded assembly
- Completed reload, in  0.677 seconds
Domain Reload Profiling:
	ReloadAssembly (677ms)
		BeginReloadAssembly (81ms)
			ExecutionOrderSort (0ms)
			DisableScriptedObjects (0ms)
			BackupInstance (0ms)
			ReleaseScriptingObjects (0ms)
			CreateAndSetChildDomain (1ms)
		EndReloadAssembly (491ms)
			LoadAssemblies (78ms)
			RebuildTransferFunctionScriptingTraits (0ms)
			SetupTypeCache (117ms)
			ReleaseScriptCaches (0ms)
			RebuildScriptCaches (27ms)
			SetupLoadedEditorAssemblies (287ms)
				LogAssemblyErrors (0ms)
				InitializePlatformSupportModulesInManaged (8ms)
				SetLoadedEditorAssemblies (0ms)
				RefreshPlugins (89ms)
				BeforeProcessingInitializeOnLoad (1ms)
				ProcessInitializeOnLoadAttributes (135ms)
				ProcessInitializeOnLoadMethodAttributes (53ms)
				AfterProcessingInitializeOnLoad (0ms)
				EditorAssembliesLoaded (0ms)
			ExecutionOrderSort2 (0ms)
			AwakeInstancesAfterBackupRestoration (0ms)
Platform modules already initialized, skipping
Registering precompiled user dll's ...
Registered in 0.009276 seconds.
Begin MonoManager ReloadAssembly
Symbol file LoadedFromMemory doesn't match image C:\subDesktop\Unipampa\Projects\VictusVR\VICTUSVR\Library\PackageCache\com.unity.visualscripting@1.8.0\Editor\VisualScripting.Core\Dependencies\DotNetZip\Unity.VisualScripting.IonicZip.dll
Symbol file LoadedFromMemory doesn't match image C:\subDesktop\Unipampa\Projects\VictusVR\VICTUSVR\Library\PackageCache\com.unity.visualscripting@1.8.0\Editor\VisualScripting.Core\Dependencies\YamlDotNet\Unity.VisualScripting.YamlDotNet.dll
Native extension for WindowsStandalone target not found
Refreshing native plugins compatible for Editor in 0.95 ms, found 3 plugins.
Preloading 0 native plugins for Editor in 0.00 ms.
Package Manager log level set to [2]
Mono: successfully reloaded assembly
- Completed reload, in  1.308 seconds
Domain Reload Profiling:
	ReloadAssembly (1309ms)
		BeginReloadAssembly (123ms)
			ExecutionOrderSort (0ms)
			DisableScriptedObjects (5ms)
			BackupInstance (0ms)
			ReleaseScriptingObjects (0ms)
			CreateAndSetChildDomain (21ms)
		EndReloadAssembly (1084ms)
			LoadAssemblies (106ms)
			RebuildTransferFunctionScriptingTraits (0ms)
			SetupTypeCache (243ms)
			ReleaseScriptCaches (1ms)
			RebuildScriptCaches (72ms)
			SetupLoadedEditorAssemblies (610ms)
				LogAssemblyErrors (0ms)
				InitializePlatformSupportModulesInManaged (6ms)
				SetLoadedEditorAssemblies (1ms)
				RefreshPlugins (1ms)
				BeforeProcessingInitializeOnLoad (116ms)
				ProcessInitializeOnLoadAttributes (352ms)
				ProcessInitializeOnLoadMethodAttributes (128ms)
				AfterProcessingInitializeOnLoad (6ms)
				EditorAssembliesLoaded (0ms)
			ExecutionOrderSort2 (0ms)
			AwakeInstancesAfterBackupRestoration (9ms)
Platform modules already initialized, skipping
========================================================================
Worker process is ready to serve import requests
Launched and connected shader compiler UnityShaderCompiler.exe after 0.07 seconds
Refreshing native plugins compatible for Editor in 1.41 ms, found 3 plugins.
Preloading 0 native plugins for Editor in 0.00 ms.
Unloading 4306 Unused Serialized files (Serialized files now loaded: 0)
Unloading 83 unused Assets / (1.3 MB). Loaded Objects now: 4877.
Memory consumption went from 196.3 MB to 195.1 MB.
Total: 7.627800 ms (FindLiveObjects: 0.317700 ms CreateObjectMapping: 0.157100 ms MarkObjects: 6.975800 ms  DeleteObjects: 0.175600 ms)

AssetImportParameters requested are different than current active one (requested -> active):
  custom:video-decoder-ogg-theora: a1e56fd34408186e4bbccfd4996cb3dc -> 
  custom:container-muxer-webm: aa71ff27fc2769a1b78a27578f13a17b -> 
  custom:container-demuxer-webm: 4f35f7cbe854078d1ac9338744f61a02 -> 
  custom:video-encoder-webm-vp8: eb34c28f22e8b96e1ab97ce403110664 -> 
  custom:video-codec-MediaFoundation-h265: 746d11721c4dcdbdad8f713fa42b33f4 -> 
  custom:audio-encoder-webm-vorbis: bf7c407c2cedff20999df2af8eb42d56 -> 
  custom:framework-win-MediaFoundation: 216162199b28c13a410421893ffa2e32 -> 
  custom:container-demuxer-ogg: 62fdf1f143b41e24485cea50d1cbac27 -> 
  custom:video-decoder-webm-vp8: 9c59270c3fd7afecdb556c50c9e8de78 -> 
  custom:audio-decoder-ogg-vorbis: bf7c407c2cedff20999df2af8eb42d56 -> 
========================================================================
Received Import Request.
  Time since last request: 3954.195035 seconds.
  path: Assets/Materials/New Material.mat
  artifactKey: Guid(ab161d26005bc7a468da96eb20049c23) Importer(815301076,1909f56bfc062723c751e8b465ee728b)
Start importing Assets/Materials/New Material.mat using Guid(ab161d26005bc7a468da96eb20049c23) Importer(815301076,1909f56bfc062723c751e8b465ee728b)  -> (artifact id: '637c47cec79f92166cb18022ec825a5e') in 0.144631 seconds 
========================================================================
Received Import Request.
  Time since last request: 10.741929 seconds.
  path: Assets/Standard Assets
  artifactKey: Guid(04b5613feff5ba140beb96902702107f) Importer(815301076,1909f56bfc062723c751e8b465ee728b)
Start importing Assets/Standard Assets using Guid(04b5613feff5ba140beb96902702107f) Importer(815301076,1909f56bfc062723c751e8b465ee728b)  -> (artifact id: '621f99d72fd631035ca246eefe86dec9') in 0.008685 seconds 
========================================================================
Received Import Request.
  Time since last request: 1.139018 seconds.
  path: Assets/Sketchfab For Unity
  artifactKey: Guid(20c947a41a56ae3478151c41467de777) Importer(815301076,1909f56bfc062723c751e8b465ee728b)
Start importing Assets/Sketchfab For Unity using Guid(20c947a41a56ae3478151c41467de777) Importer(815301076,1909f56bfc062723c751e8b465ee728b)  -> (artifact id: '5c7863f8f4ad37be9bdacad7544d8067') in 0.008532 seconds 
========================================================================
Received Import Request.
  Time since last request: 1.360940 seconds.
  path: Assets/Simple Wooden Boat
  artifactKey: Guid(956c9ee6a755b724dabfb0d5a9c05ffc) Importer(815301076,1909f56bfc062723c751e8b465ee728b)
Start importing Assets/Simple Wooden Boat using Guid(956c9ee6a755b724dabfb0d5a9c05ffc) Importer(815301076,1909f56bfc062723c751e8b465ee728b)  -> (artifact id: '50cb3d9a9cb64711cabf2ec10b4dd25c') in 0.008277 seconds 
========================================================================
Received Import Request.
  Time since last request: 0.989846 seconds.
  path: Assets/Scripts
  artifactKey: Guid(13c4f0e002a2edc4080ea9a185c08a11) Importer(815301076,1909f56bfc062723c751e8b465ee728b)
Start importing Assets/Scripts using Guid(13c4f0e002a2edc4080ea9a185c08a11) Importer(815301076,1909f56bfc062723c751e8b465ee728b)  -> (artifact id: '35680be840023baaf4d46a507c30af06') in 0.008277 seconds 
========================================================================
Received Import Request.
  Time since last request: 2.208394 seconds.
  path: Assets/Prefabs
  artifactKey: Guid(a19e48523dc016242abadbbeebe0358a) Importer(815301076,1909f56bfc062723c751e8b465ee728b)
Start importing Assets/Prefabs using Guid(a19e48523dc016242abadbbeebe0358a) Importer(815301076,1909f56bfc062723c751e8b465ee728b)  -> (artifact id: '7acd7304198e4f237a535602065b1631') in 0.008235 seconds 
========================================================================
Received Import Request.
  Time since last request: 32.806541 seconds.
  path: Assets/Arts/Logos/unitando.png
  artifactKey: Guid(24345c8c29db56440ab4746cf48d9d99) Importer(815301076,1909f56bfc062723c751e8b465ee728b)
Start importing Assets/Arts/Logos/unitando.png using Guid(24345c8c29db56440ab4746cf48d9d99) Importer(815301076,1909f56bfc062723c751e8b465ee728b)  -> (artifact id: 'afe8164720d78c847464c4e5507cb29f') in 0.096350 seconds 
========================================================================
Received Import Request.
  Time since last request: 300.067379 seconds.
  path: Assets/Scenes/LoginCadastro.unity
  artifactKey: Guid(2eeca31e51b749d42bd78dd25e4506a7) Importer(815301076,1909f56bfc062723c751e8b465ee728b)
Start importing Assets/Scenes/LoginCadastro.unity using Guid(2eeca31e51b749d42bd78dd25e4506a7) Importer(815301076,1909f56bfc062723c751e8b465ee728b)  -> (artifact id: 'fb34ab4fea46df7af40d90220f0b3978') in 0.002066 seconds 
========================================================================
Received Import Request.
  Time since last request: 63.060471 seconds.
  path: Assets/Scenes/LoginCadastroSettings.lighting
  artifactKey: Guid(54068889034a6124fa91f2c534df9e7d) Importer(815301076,1909f56bfc062723c751e8b465ee728b)
Start importing Assets/Scenes/LoginCadastroSettings.lighting using Guid(54068889034a6124fa91f2c534df9e7d) Importer(815301076,1909f56bfc062723c751e8b465ee728b)  -> (artifact id: 'd754784981d52375764f35350d9987e6') in 0.011010 seconds 
========================================================================
Received Import Request.
  Time since last request: 3.871677 seconds.
  path: Assets/Scenes/LoginCadastro.unity
  artifactKey: Guid(2eeca31e51b749d42bd78dd25e4506a7) Importer(815301076,1909f56bfc062723c751e8b465ee728b)
Start importing Assets/Scenes/LoginCadastro.unity using Guid(2eeca31e51b749d42bd78dd25e4506a7) Importer(815301076,1909f56bfc062723c751e8b465ee728b)  -> (artifact id: '62386e3645c64ddd0cf54d6d168470b1') in 0.003762 seconds 
========================================================================
Received Import Request.
  Time since last request: 6.968570 seconds.
  path: Assets/MainMenu.unity
  artifactKey: Guid(d191e543a25972d4193562a3751a4a81) Importer(815301076,1909f56bfc062723c751e8b465ee728b)
Start importing Assets/MainMenu.unity using Guid(d191e543a25972d4193562a3751a4a81) Importer(815301076,1909f56bfc062723c751e8b465ee728b)  -> (artifact id: '992268e1679792c35ebc2fa14627df22') in 0.009245 seconds 
